  [1m[36mActiveRecord::SchemaMigration Load (0.3ms)[0m  [1m[34mSELECT "schema_migrations".* FROM "schema_migrations"[0m
  [1m[36mActiveRecord::InternalMetadata Load (0.4ms)[0m  [1m[34mSELECT  "ar_internal_metadata".* FROM "ar_internal_metadata" WHERE "ar_internal_metadata"."key" = ? LIMIT ?[0m  [["key", "environment"], ["LIMIT", 1]]
  [1m[35m (0.1ms)[0m  [1m[36mbegin transaction[0m
  [1m[35m (0.0ms)[0m  [1m[36mcommit transaction[0m
  [1m[36mActiveRecord::SchemaMigration Load (0.1ms)[0m  [1m[34mSELECT "schema_migrations".* FROM "schema_migrations"[0m
Started GET "/" for 127.0.0.1 at 2017-06-20 04:48:37 +0100
  [1m[36mActiveRecord::SchemaMigration Load (0.3ms)[0m  [1m[34mSELECT "schema_migrations".* FROM "schema_migrations"[0m
Processing by UsersController#index as HTML
  Rendering users/index.html.erb within layouts/application
  [1m[36mUser Load (1.3ms)[0m  [1m[34mSELECT "users".* FROM "users"[0m
  Rendered users/index.html.erb within layouts/application (52.7ms)
Completed 200 OK in 786ms (Views: 763.6ms | ActiveRecord: 2.2ms)


Started GET "/" for 127.0.0.1 at 2017-06-20 04:48:41 +0100
Processing by UsersController#index as HTML
  Rendering users/index.html.erb within layouts/application
  [1m[36mUser Load (0.6ms)[0m  [1m[34mSELECT "users".* FROM "users"[0m
  Rendered users/index.html.erb within layouts/application (3.9ms)
Completed 200 OK in 40ms (Views: 36.9ms | ActiveRecord: 0.6ms)


Started GET "/" for 127.0.0.1 at 2017-06-20 04:48:42 +0100
Processing by UsersController#index as HTML
  Rendering users/index.html.erb within layouts/application
  [1m[36mUser Load (0.2ms)[0m  [1m[34mSELECT "users".* FROM "users"[0m
  Rendered users/index.html.erb within layouts/application (1.3ms)
Completed 200 OK in 40ms (Views: 34.8ms | ActiveRecord: 0.2ms)


Started GET "/" for 127.0.0.1 at 2017-06-20 04:48:43 +0100
Processing by UsersController#index as HTML
  Rendering users/index.html.erb within layouts/application
  [1m[36mUser Load (0.6ms)[0m  [1m[34mSELECT "users".* FROM "users"[0m
  Rendered users/index.html.erb within layouts/application (1.8ms)
Completed 200 OK in 47ms (Views: 38.6ms | ActiveRecord: 0.6ms)


Started GET "/" for 127.0.0.1 at 2017-06-20 04:48:43 +0100
Processing by UsersController#index as HTML
  Rendering users/index.html.erb within layouts/application
  [1m[36mUser Load (0.6ms)[0m  [1m[34mSELECT "users".* FROM "users"[0m
  Rendered users/index.html.erb within layouts/application (2.2ms)
Completed 200 OK in 43ms (Views: 39.5ms | ActiveRecord: 0.6ms)


Started GET "/signup" for 127.0.0.1 at 2017-06-20 04:48:44 +0100
Processing by UsersController#signup as HTML
  Rendering users/signup.html.erb within layouts/application
Started GET "/signup" for 127.0.0.1 at 2017-06-20 04:48:44 +0100
Processing by UsersController#signup as HTML
  Rendering users/signup.html.erb within layouts/application
  Rendered users/signup.html.erb within layouts/application (121.7ms)
  Rendered users/signup.html.erb within layouts/application (357.3ms)
Completed 200 OK in 439ms (Views: 423.9ms | ActiveRecord: 1.4ms)


Completed 200 OK in 195ms (Views: 190.7ms | ActiveRecord: 0.0ms)


Started GET "/signup" for 127.0.0.1 at 2017-06-20 04:48:45 +0100
Processing by UsersController#signup as HTML
  Rendering users/signup.html.erb within layouts/application
  Rendered users/signup.html.erb within layouts/application (3.0ms)
Completed 200 OK in 41ms (Views: 36.6ms | ActiveRecord: 0.0ms)


Started GET "/" for 127.0.0.1 at 2017-06-20 05:46:02 +0100
  [1m[36mActiveRecord::SchemaMigration Load (0.3ms)[0m  [1m[34mSELECT "schema_migrations".* FROM "schema_migrations"[0m
Processing by UsersController#index as HTML
  Rendering users/index.html.erb within layouts/application
  [1m[36mUser Load (0.3ms)[0m  [1m[34mSELECT "users".* FROM "users"[0m
  Rendered users/index.html.erb within layouts/application (5.8ms)
Completed 200 OK in 4615ms (Views: 4596.7ms | ActiveRecord: 0.7ms)


Started GET "/signup" for 127.0.0.1 at 2017-06-20 05:46:09 +0100
Processing by UsersController#signup as HTML
  Rendering users/signup.html.erb within layouts/application
  Rendered users/signup.html.erb within layouts/application (22.6ms)
Completed 200 OK in 77ms (Views: 64.2ms | ActiveRecord: 0.9ms)


Started POST "/newuser" for 127.0.0.1 at 2017-06-20 05:46:41 +0100
Processing by UsersController#create as HTML
  Parameters: {"utf8"=>"✓", "authenticity_token"=>"AlG+i+CK9Kej6NiQ9xm1XD+QvAdzXFK74kANWFEu1LEKc1PZ87vMovik+BGKI9+jY7bCQUtp8Mgej5uGzzgmiA==", "user"=>{"firstname"=>"Aashish", "lastname"=>"Kumar", "email"=>"kumaraashish118@gmail.com", "username"=>"aashishak", "password"=>"[FILTERED]", "password_confirmation"=>"[FILTERED]"}, "commit"=>"Signup Now"}
  [1m[35m (0.1ms)[0m  [1m[36mbegin transaction[0m
  [1m[35mSQL (1.1ms)[0m  [1m[32mINSERT INTO "users" ("firstname", "lastname", "username", "email", "password_digest", "created_at", "updated_at") VALUES (?, ?, ?, ?, ?, ?, ?)[0m  [["firstname", "Aashish"], ["lastname", "Kumar"], ["username", "aashishak"], ["email", "kumaraashish118@gmail.com"], ["password_digest", "$2a$10$ZXs/of96GM/PAOSvaidIMOXV67mJyOcqRG4X5cPUxywi1l2q8HaqG"], ["created_at", "2017-06-20 04:46:41.128083"], ["updated_at", "2017-06-20 04:46:41.128083"]]
  [1m[35m (195.1ms)[0m  [1m[36mcommit transaction[0m
Redirected to http://localhost:3000/
Completed 302 Found in 273ms (ActiveRecord: 196.4ms)


Started GET "/" for 127.0.0.1 at 2017-06-20 05:46:41 +0100
Processing by UsersController#index as HTML
  Rendering users/index.html.erb within layouts/application
  [1m[36mUser Load (0.3ms)[0m  [1m[34mSELECT "users".* FROM "users"[0m
  Rendered users/index.html.erb within layouts/application (1.6ms)
Completed 200 OK in 46ms (Views: 43.1ms | ActiveRecord: 0.3ms)


Started GET "/" for 127.0.0.1 at 2017-06-21 00:18:27 +0100
  [1m[36mActiveRecord::SchemaMigration Load (0.2ms)[0m  [1m[34mSELECT "schema_migrations".* FROM "schema_migrations"[0m
Processing by UsersController#index as HTML
  Rendering users/index.html.erb within layouts/application
  [1m[36mUser Load (0.2ms)[0m  [1m[34mSELECT "users".* FROM "users"[0m
  Rendered users/index.html.erb within layouts/application (9.9ms)
Completed 200 OK in 722ms (Views: 701.4ms | ActiveRecord: 1.3ms)


Started GET "/" for 127.0.0.1 at 2017-06-21 00:18:33 +0100
Processing by UsersController#index as HTML
  Rendering users/index.html.erb within layouts/application
  [1m[36mUser Load (2.4ms)[0m  [1m[34mSELECT "users".* FROM "users"[0m
  Rendered users/index.html.erb within layouts/application (4.2ms)
Completed 200 OK in 57ms (Views: 51.8ms | ActiveRecord: 2.4ms)


Started GET "/" for 127.0.0.1 at 2017-06-21 00:18:34 +0100
Processing by UsersController#index as HTML
  Rendering users/index.html.erb within layouts/application
  [1m[36mUser Load (0.3ms)[0m  [1m[34mSELECT "users".* FROM "users"[0m
  Rendered users/index.html.erb within layouts/application (1.4ms)
Completed 200 OK in 60ms (Views: 49.9ms | ActiveRecord: 0.3ms)


Started GET "/" for 127.0.0.1 at 2017-06-21 00:18:34 +0100
Processing by UsersController#index as HTML
  Rendering users/index.html.erb within layouts/application
  [1m[36mUser Load (2.5ms)[0m  [1m[34mSELECT "users".* FROM "users"[0m
  Rendered users/index.html.erb within layouts/application (4.5ms)
Completed 200 OK in 79ms (Views: 71.1ms | ActiveRecord: 2.5ms)


Started GET "/" for 127.0.0.1 at 2017-06-21 00:18:35 +0100
Processing by UsersController#index as HTML
  Rendering users/index.html.erb within layouts/application
  [1m[36mUser Load (0.7ms)[0m  [1m[34mSELECT "users".* FROM "users"[0m
  Rendered users/index.html.erb within layouts/application (2.5ms)
Completed 200 OK in 71ms (Views: 65.7ms | ActiveRecord: 0.7ms)


Started GET "/" for 127.0.0.1 at 2017-06-21 00:18:35 +0100
Processing by UsersController#index as HTML
  Rendering users/index.html.erb within layouts/application
  [1m[36mUser Load (1.3ms)[0m  [1m[34mSELECT "users".* FROM "users"[0m
  Rendered users/index.html.erb within layouts/application (4.0ms)
Completed 200 OK in 84ms (Views: 74.4ms | ActiveRecord: 1.3ms)


Started GET "/" for 127.0.0.1 at 2017-06-21 00:18:35 +0100
Processing by UsersController#index as HTML
  Rendering users/index.html.erb within layouts/application
  [1m[36mUser Load (0.3ms)[0m  [1m[34mSELECT "users".* FROM "users"[0m
  Rendered users/index.html.erb within layouts/application (1.6ms)
Completed 200 OK in 81ms (Views: 73.8ms | ActiveRecord: 0.3ms)


Started GET "/" for 127.0.0.1 at 2017-06-21 00:18:35 +0100
Processing by UsersController#index as HTML
  Rendering users/index.html.erb within layouts/application
  [1m[36mUser Load (0.4ms)[0m  [1m[34mSELECT "users".* FROM "users"[0m
  Rendered users/index.html.erb within layouts/application (1.7ms)
Completed 200 OK in 71ms (Views: 64.4ms | ActiveRecord: 0.4ms)


Started GET "/" for 127.0.0.1 at 2017-06-21 00:18:35 +0100
Processing by UsersController#index as HTML
  Rendering users/index.html.erb within layouts/application
  [1m[36mUser Load (0.4ms)[0m  [1m[34mSELECT "users".* FROM "users"[0m
  Rendered users/index.html.erb within layouts/application (2.2ms)
Completed 200 OK in 75ms (Views: 70.4ms | ActiveRecord: 0.4ms)


Started GET "/" for 127.0.0.1 at 2017-06-21 00:18:36 +0100
Processing by UsersController#index as HTML
  Rendering users/index.html.erb within layouts/application
  [1m[36mUser Load (0.9ms)[0m  [1m[34mSELECT "users".* FROM "users"[0m
  Rendered users/index.html.erb within layouts/application (3.2ms)
Completed 200 OK in 76ms (Views: 70.6ms | ActiveRecord: 0.9ms)


Started GET "/" for 127.0.0.1 at 2017-06-21 00:18:36 +0100
Processing by UsersController#index as HTML
  Rendering users/index.html.erb within layouts/application
  [1m[36mUser Load (0.7ms)[0m  [1m[34mSELECT "users".* FROM "users"[0m
  Rendered users/index.html.erb within layouts/application (3.4ms)
Completed 200 OK in 92ms (Views: 84.5ms | ActiveRecord: 0.7ms)


Started GET "/" for 127.0.0.1 at 2017-06-24 01:17:48 +0100
  [1m[36mActiveRecord::SchemaMigration Load (0.3ms)[0m  [1m[34mSELECT "schema_migrations".* FROM "schema_migrations"[0m
Processing by UsersController#index as HTML
  Rendering users/index.html.erb within layouts/application
  [1m[36mUser Load (0.3ms)[0m  [1m[34mSELECT "users".* FROM "users"[0m
  Rendered users/index.html.erb within layouts/application (10.3ms)
Completed 200 OK in 1338ms (Views: 1309.2ms | ActiveRecord: 1.2ms)


Started GET "/" for 127.0.0.1 at 2017-06-24 01:18:01 +0100
Processing by UsersController#index as HTML
  Rendering users/index.html.erb within layouts/application
  [1m[36mUser Load (0.6ms)[0m  [1m[34mSELECT "users".* FROM "users"[0m
  Rendered users/index.html.erb within layouts/application (2.2ms)
Completed 200 OK in 73ms (Views: 68.9ms | ActiveRecord: 0.6ms)


Started GET "/" for 127.0.0.1 at 2017-06-24 01:18:01 +0100
Processing by UsersController#index as HTML
  Rendering users/index.html.erb within layouts/application
  [1m[36mUser Load (0.6ms)[0m  [1m[34mSELECT "users".* FROM "users"[0m
  Rendered users/index.html.erb within layouts/application (2.2ms)
Completed 200 OK in 68ms (Views: 64.5ms | ActiveRecord: 0.6ms)


Started GET "/" for 127.0.0.1 at 2017-06-24 01:18:02 +0100
Processing by UsersController#index as HTML
  Rendering users/index.html.erb within layouts/application
  [1m[36mUser Load (0.5ms)[0m  [1m[34mSELECT "users".* FROM "users"[0m
  Rendered users/index.html.erb within layouts/application (1.9ms)
Completed 200 OK in 61ms (Views: 57.5ms | ActiveRecord: 0.5ms)


Started GET "/" for 127.0.0.1 at 2017-06-24 01:46:38 +0100
  [1m[36mActiveRecord::SchemaMigration Load (0.3ms)[0m  [1m[34mSELECT "schema_migrations".* FROM "schema_migrations"[0m
Processing by UsersController#index as HTML
  Rendering users/index.html.erb within layouts/application
  [1m[36mUser Load (0.4ms)[0m  [1m[34mSELECT "users".* FROM "users"[0m
  Rendered users/index.html.erb within layouts/application (263.3ms)
Completed 500 Internal Server Error in 293ms (ActiveRecord: 2.5ms)


  
ActionView::Template::Error (undefined local variable or method `logout_path' for #<#<Class:0x000000029ebce8>:0x000000029d5920>
Did you mean?  root_path):
    1: <% if logged_in? %>
    2: 	<%= link_to "Logout", logout_path, method: :delete %>
    3: <% else %>
    4: 	<%= link_to "Signup", signup_path %>
    5: 	<%= link_to "Login", login_path %>
  
app/views/users/index.html.erb:2:in `_app_views_users_index_html_erb__3396270071289625657_22014560'
  Rendering /home/lenovo/.rvm/gems/ruby-2.4.0/gems/actionpack-5.0.3/lib/action_dispatch/middleware/templates/rescues/template_error.html.erb within rescues/layout
  Rendering /home/lenovo/.rvm/gems/ruby-2.4.0/gems/actionpack-5.0.3/lib/action_dispatch/middleware/templates/rescues/_source.html.erb
  Rendered /home/lenovo/.rvm/gems/ruby-2.4.0/gems/actionpack-5.0.3/lib/action_dispatch/middleware/templates/rescues/_source.html.erb (9.6ms)
  Rendering /home/lenovo/.rvm/gems/ruby-2.4.0/gems/actionpack-5.0.3/lib/action_dispatch/middleware/templates/rescues/_trace.html.erb
  Rendered /home/lenovo/.rvm/gems/ruby-2.4.0/gems/actionpack-5.0.3/lib/action_dispatch/middleware/templates/rescues/_trace.html.erb (2.5ms)
  Rendering /home/lenovo/.rvm/gems/ruby-2.4.0/gems/actionpack-5.0.3/lib/action_dispatch/middleware/templates/rescues/_request_and_response.html.erb
  Rendered /home/lenovo/.rvm/gems/ruby-2.4.0/gems/actionpack-5.0.3/lib/action_dispatch/middleware/templates/rescues/_request_and_response.html.erb (1.0ms)
  Rendered /home/lenovo/.rvm/gems/ruby-2.4.0/gems/actionpack-5.0.3/lib/action_dispatch/middleware/templates/rescues/template_error.html.erb within rescues/layout (39.9ms)
Started GET "/" for 127.0.0.1 at 2017-06-24 01:52:09 +0100
  [1m[36mActiveRecord::SchemaMigration Load (0.2ms)[0m  [1m[34mSELECT "schema_migrations".* FROM "schema_migrations"[0m
Processing by UsersController#index as HTML
  Rendering users/index.html.erb within layouts/application
  [1m[36mUser Load (0.3ms)[0m  [1m[34mSELECT "users".* FROM "users"[0m
  Rendered users/index.html.erb within layouts/application (12.3ms)
Completed 200 OK in 333ms (Views: 311.3ms | ActiveRecord: 1.2ms)


Started DELETE "/logout" for 127.0.0.1 at 2017-06-24 01:52:12 +0100
  
AbstractController::ActionNotFound (The action 'destroy' could not be found for SessionsController):
  
actionpack (5.0.3) lib/abstract_controller/base.rb:121:in `process'
actionview (5.0.3) lib/action_view/rendering.rb:30:in `process'
actionpack (5.0.3) lib/action_controller/metal.rb:190:in `dispatch'
actionpack (5.0.3) lib/action_controller/metal.rb:262:in `dispatch'
actionpack (5.0.3) lib/action_dispatch/routing/route_set.rb:50:in `dispatch'
actionpack (5.0.3) lib/action_dispatch/routing/route_set.rb:32:in `serve'
actionpack (5.0.3) lib/action_dispatch/journey/router.rb:39:in `block in serve'
actionpack (5.0.3) lib/action_dispatch/journey/router.rb:26:in `each'
actionpack (5.0.3) lib/action_dispatch/journey/router.rb:26:in `serve'
actionpack (5.0.3) lib/action_dispatch/routing/route_set.rb:725:in `call'
rack (2.0.3) lib/rack/etag.rb:25:in `call'
rack (2.0.3) lib/rack/conditional_get.rb:38:in `call'
rack (2.0.3) lib/rack/head.rb:12:in `call'
rack (2.0.3) lib/rack/session/abstract/id.rb:232:in `context'
rack (2.0.3) lib/rack/session/abstract/id.rb:226:in `call'
actionpack (5.0.3) lib/action_dispatch/middleware/cookies.rb:613:in `call'
activerecord (5.0.3) lib/active_record/migration.rb:553:in `call'
actionpack (5.0.3) lib/action_dispatch/middleware/callbacks.rb:38:in `block in call'
activesupport (5.0.3) lib/active_support/callbacks.rb:97:in `__run_callbacks__'
activesupport (5.0.3) lib/active_support/callbacks.rb:750:in `_run_call_callbacks'
activesupport (5.0.3) lib/active_support/callbacks.rb:90:in `run_callbacks'
actionpack (5.0.3) lib/action_dispatch/middleware/callbacks.rb:36:in `call'
actionpack (5.0.3) lib/action_dispatch/middleware/executor.rb:12:in `call'
actionpack (5.0.3) lib/action_dispatch/middleware/remote_ip.rb:79:in `call'
actionpack (5.0.3) lib/action_dispatch/middleware/debug_exceptions.rb:49:in `call'
web-console (3.5.1) lib/web_console/middleware.rb:135:in `call_app'
web-console (3.5.1) lib/web_console/middleware.rb:28:in `block in call'
web-console (3.5.1) lib/web_console/middleware.rb:18:in `catch'
web-console (3.5.1) lib/web_console/middleware.rb:18:in `call'
actionpack (5.0.3) lib/action_dispatch/middleware/show_exceptions.rb:31:in `call'
railties (5.0.3) lib/rails/rack/logger.rb:36:in `call_app'
railties (5.0.3) lib/rails/rack/logger.rb:24:in `block in call'
activesupport (5.0.3) lib/active_support/tagged_logging.rb:69:in `block in tagged'
activesupport (5.0.3) lib/active_support/tagged_logging.rb:26:in `tagged'
activesupport (5.0.3) lib/active_support/tagged_logging.rb:69:in `tagged'
railties (5.0.3) lib/rails/rack/logger.rb:24:in `call'
sprockets-rails (3.2.0) lib/sprockets/rails/quiet_assets.rb:13:in `call'
actionpack (5.0.3) lib/action_dispatch/middleware/request_id.rb:24:in `call'
rack (2.0.3) lib/rack/method_override.rb:22:in `call'
rack (2.0.3) lib/rack/runtime.rb:22:in `call'
activesupport (5.0.3) lib/active_support/cache/strategy/local_cache_middleware.rb:28:in `call'
actionpack (5.0.3) lib/action_dispatch/middleware/executor.rb:12:in `call'
actionpack (5.0.3) lib/action_dispatch/middleware/static.rb:136:in `call'
rack (2.0.3) lib/rack/sendfile.rb:111:in `call'
railties (5.0.3) lib/rails/engine.rb:522:in `call'
puma (3.9.1) lib/puma/configuration.rb:224:in `call'
puma (3.9.1) lib/puma/server.rb:602:in `handle_request'
puma (3.9.1) lib/puma/server.rb:435:in `process_client'
puma (3.9.1) lib/puma/server.rb:299:in `block in run'
puma (3.9.1) lib/puma/thread_pool.rb:120:in `block in spawn_thread'
  Rendering /home/lenovo/.rvm/gems/ruby-2.4.0/gems/actionpack-5.0.3/lib/action_dispatch/middleware/templates/rescues/unknown_action.html.erb within rescues/layout
  Rendered /home/lenovo/.rvm/gems/ruby-2.4.0/gems/actionpack-5.0.3/lib/action_dispatch/middleware/templates/rescues/unknown_action.html.erb within rescues/layout (0.4ms)
Started DELETE "/logout" for 127.0.0.1 at 2017-06-24 01:52:54 +0100
Processing by SessionsController#destroy as HTML
  Parameters: {"authenticity_token"=>"+EZz/M0MAmepXtir1ENIC/1MhgSy9HpI2+VplgKlH8uj2o9We1HuhbFSVeRgYAEaTJtQhFqxpZ0PZsCtew5Ltw=="}
Completed 500 Internal Server Error in 130ms (ActiveRecord: 0.0ms)


  
NameError (undefined local variable or method `log_out' for #<SessionsController:0x007f8db00fb758>
Did you mean?  logout_url):
  
app/controllers/sessions_controller.rb:18:in `destroy'
  Rendering /home/lenovo/.rvm/gems/ruby-2.4.0/gems/actionpack-5.0.3/lib/action_dispatch/middleware/templates/rescues/diagnostics.html.erb within rescues/layout
  Rendering /home/lenovo/.rvm/gems/ruby-2.4.0/gems/actionpack-5.0.3/lib/action_dispatch/middleware/templates/rescues/_source.html.erb
  Rendered /home/lenovo/.rvm/gems/ruby-2.4.0/gems/actionpack-5.0.3/lib/action_dispatch/middleware/templates/rescues/_source.html.erb (3.6ms)
  Rendering /home/lenovo/.rvm/gems/ruby-2.4.0/gems/actionpack-5.0.3/lib/action_dispatch/middleware/templates/rescues/_trace.html.erb
  Rendered /home/lenovo/.rvm/gems/ruby-2.4.0/gems/actionpack-5.0.3/lib/action_dispatch/middleware/templates/rescues/_trace.html.erb (3.0ms)
  Rendering /home/lenovo/.rvm/gems/ruby-2.4.0/gems/actionpack-5.0.3/lib/action_dispatch/middleware/templates/rescues/_request_and_response.html.erb
  Rendered /home/lenovo/.rvm/gems/ruby-2.4.0/gems/actionpack-5.0.3/lib/action_dispatch/middleware/templates/rescues/_request_and_response.html.erb (0.8ms)
  Rendered /home/lenovo/.rvm/gems/ruby-2.4.0/gems/actionpack-5.0.3/lib/action_dispatch/middleware/templates/rescues/diagnostics.html.erb within rescues/layout (110.4ms)
Started GET "/" for 127.0.0.1 at 2017-06-24 01:53:05 +0100
Processing by UsersController#index as HTML
  Rendering users/index.html.erb within layouts/application
  [1m[36mUser Load (1.0ms)[0m  [1m[34mSELECT "users".* FROM "users"[0m
  Rendered users/index.html.erb within layouts/application (12.9ms)
Completed 200 OK in 82ms (Views: 64.9ms | ActiveRecord: 3.0ms)


Started DELETE "/logout" for 127.0.0.1 at 2017-06-24 01:53:07 +0100
Processing by SessionsController#destroy as HTML
  Parameters: {"authenticity_token"=>"4kBFTQY7XOcPVKxrUXaTxHEagAymaxJSw5OhLEWOdBe53LnnsGawBRdYISTlVdrVwM1WjE4uzYcXEAgXPCUgaw=="}
Completed 500 Internal Server Error in 188ms (ActiveRecord: 0.0ms)


  
NameError (undefined local variable or method `log_out' for #<SessionsController:0x0000000229b678>
Did you mean?  logout_url):
  
app/controllers/sessions_controller.rb:18:in `destroy'
  Rendering /home/lenovo/.rvm/gems/ruby-2.4.0/gems/actionpack-5.0.3/lib/action_dispatch/middleware/templates/rescues/diagnostics.html.erb within rescues/layout
  Rendering /home/lenovo/.rvm/gems/ruby-2.4.0/gems/actionpack-5.0.3/lib/action_dispatch/middleware/templates/rescues/_source.html.erb
  Rendered /home/lenovo/.rvm/gems/ruby-2.4.0/gems/actionpack-5.0.3/lib/action_dispatch/middleware/templates/rescues/_source.html.erb (3.3ms)
  Rendering /home/lenovo/.rvm/gems/ruby-2.4.0/gems/actionpack-5.0.3/lib/action_dispatch/middleware/templates/rescues/_trace.html.erb
  Rendered /home/lenovo/.rvm/gems/ruby-2.4.0/gems/actionpack-5.0.3/lib/action_dispatch/middleware/templates/rescues/_trace.html.erb (1.3ms)
  Rendering /home/lenovo/.rvm/gems/ruby-2.4.0/gems/actionpack-5.0.3/lib/action_dispatch/middleware/templates/rescues/_request_and_response.html.erb
  Rendered /home/lenovo/.rvm/gems/ruby-2.4.0/gems/actionpack-5.0.3/lib/action_dispatch/middleware/templates/rescues/_request_and_response.html.erb (3.1ms)
  Rendered /home/lenovo/.rvm/gems/ruby-2.4.0/gems/actionpack-5.0.3/lib/action_dispatch/middleware/templates/rescues/diagnostics.html.erb within rescues/layout (83.8ms)
Started GET "/" for 127.0.0.1 at 2017-06-24 02:01:48 +0100
  [1m[36mActiveRecord::SchemaMigration Load (0.3ms)[0m  [1m[34mSELECT "schema_migrations".* FROM "schema_migrations"[0m
Processing by UsersController#index as HTML
  Rendering users/index.html.erb within layouts/application
  [1m[36mUser Load (0.3ms)[0m  [1m[34mSELECT "users".* FROM "users"[0m
  Rendered users/index.html.erb within layouts/application (11.0ms)
Completed 200 OK in 327ms (Views: 306.3ms | ActiveRecord: 1.3ms)


Started DELETE "/logout" for 127.0.0.1 at 2017-06-24 02:01:51 +0100
Processing by SessionsController#destroy as HTML
  Parameters: {"authenticity_token"=>"+eDXCZp4niYgPQd+c9hsBRE6Nmu60E4h7zIz9SJ9ubeifCujLCVyxDgxijHH+yUUoO3g61KVkfQ7sZrOW9btyw=="}
Redirected to http://localhost:3000/
Completed 302 Found in 1ms (ActiveRecord: 0.0ms)


Started GET "/" for 127.0.0.1 at 2017-06-24 02:01:51 +0100
Processing by UsersController#index as HTML
  Rendering users/index.html.erb within layouts/application
  [1m[36mUser Load (0.5ms)[0m  [1m[34mSELECT "users".* FROM "users"[0m
  Rendered users/index.html.erb within layouts/application (1.6ms)
Completed 200 OK in 48ms (Views: 44.9ms | ActiveRecord: 0.5ms)


Started DELETE "/logout" for 127.0.0.1 at 2017-06-24 02:01:52 +0100
Processing by SessionsController#destroy as HTML
  Parameters: {"authenticity_token"=>"Gb1AXoyIxAKX2YC0YpgZcc8k83jHkMM8LE/hBzD8NVdCIbz0OtUo4I/VDfvWu1BgfvMl+C/VHOn4zEg8SVdhKw=="}
Redirected to http://localhost:3000/
Completed 302 Found in 1ms (ActiveRecord: 0.0ms)


Started GET "/" for 127.0.0.1 at 2017-06-24 02:01:52 +0100
Processing by UsersController#index as HTML
  Rendering users/index.html.erb within layouts/application
  [1m[36mUser Load (0.3ms)[0m  [1m[34mSELECT "users".* FROM "users"[0m
  Rendered users/index.html.erb within layouts/application (1.6ms)
Completed 200 OK in 48ms (Views: 44.9ms | ActiveRecord: 0.3ms)


Started GET "/" for 127.0.0.1 at 2017-06-24 02:02:04 +0100
Processing by UsersController#index as HTML
  Rendering users/index.html.erb within layouts/application
  [1m[36mUser Load (2.2ms)[0m  [1m[34mSELECT "users".* FROM "users"[0m
  Rendered users/index.html.erb within layouts/application (3.9ms)
Completed 200 OK in 57ms (Views: 51.2ms | ActiveRecord: 2.2ms)


Started DELETE "/logout" for 127.0.0.1 at 2017-06-24 02:02:06 +0100
Processing by SessionsController#destroy as HTML
  Parameters: {"authenticity_token"=>"YR/3A3QJvGMyT38WGJej7H0pFPENeycyHQ3i5t5cYOc6gwupwlRQgSpD8lmstOr9zP7CceU++OfJjkvdp/c0mw=="}
Redirected to http://localhost:3000/
Completed 302 Found in 1ms (ActiveRecord: 0.0ms)


Started GET "/" for 127.0.0.1 at 2017-06-24 02:02:06 +0100
Processing by UsersController#index as HTML
  Rendering users/index.html.erb within layouts/application
  [1m[36mUser Load (0.4ms)[0m  [1m[34mSELECT "users".* FROM "users"[0m
  Rendered users/index.html.erb within layouts/application (2.1ms)
Completed 200 OK in 69ms (Views: 65.9ms | ActiveRecord: 0.4ms)


Started DELETE "/logout" for 127.0.0.1 at 2017-06-24 02:02:07 +0100
Processing by SessionsController#destroy as HTML
  Parameters: {"authenticity_token"=>"afMcCGg5o/9nprcyfy3jwDd28ooKXFcbalEQeAC9zmsyb+Ci3mRPHX+qOn3LDqrRhqEkCuIZiM6+0rlDeRaaFw=="}
Redirected to http://localhost:3000/
Completed 302 Found in 1ms (ActiveRecord: 0.0ms)


Started GET "/" for 127.0.0.1 at 2017-06-24 02:02:07 +0100
Processing by UsersController#index as HTML
  Rendering users/index.html.erb within layouts/application
  [1m[36mUser Load (0.6ms)[0m  [1m[34mSELECT "users".* FROM "users"[0m
  Rendered users/index.html.erb within layouts/application (3.3ms)
Completed 200 OK in 50ms (Views: 46.8ms | ActiveRecord: 0.6ms)


Started DELETE "/logout" for 127.0.0.1 at 2017-06-24 02:03:00 +0100
Processing by SessionsController#destroy as HTML
  Parameters: {"authenticity_token"=>"+eDXCZp4niYgPQd+c9hsBRE6Nmu60E4h7zIz9SJ9ubeifCujLCVyxDgxijHH+yUUoO3g61KVkfQ7sZrOW9btyw=="}
Redirected to http://localhost:3000/
Completed 302 Found in 2ms (ActiveRecord: 0.0ms)


Started GET "/" for 127.0.0.1 at 2017-06-24 02:03:00 +0100
Processing by UsersController#index as HTML
  Rendering users/index.html.erb within layouts/application
  [1m[36mUser Load (0.5ms)[0m  [1m[34mSELECT "users".* FROM "users"[0m
  Rendered users/index.html.erb within layouts/application (8.8ms)
Completed 200 OK in 78ms (Views: 58.2ms | ActiveRecord: 1.5ms)


Started GET "/signup" for 127.0.0.1 at 2017-06-24 02:03:01 +0100
Processing by UsersController#signup as HTML
  Rendering users/signup.html.erb within layouts/application
  Rendered users/signup.html.erb within layouts/application (161.9ms)
Completed 200 OK in 223ms (Views: 220.0ms | ActiveRecord: 0.0ms)


Started GET "/login" for 127.0.0.1 at 2017-06-24 02:03:04 +0100
Processing by SessionsController#login as HTML
Completed 500 Internal Server Error in 3ms (ActiveRecord: 0.0ms)


  
NoMethodError (undefined method `[]' for nil:NilClass):
  
app/controllers/sessions_controller.rb:5:in `login'
  Rendering /home/lenovo/.rvm/gems/ruby-2.4.0/gems/actionpack-5.0.3/lib/action_dispatch/middleware/templates/rescues/diagnostics.html.erb within rescues/layout
  Rendering /home/lenovo/.rvm/gems/ruby-2.4.0/gems/actionpack-5.0.3/lib/action_dispatch/middleware/templates/rescues/_source.html.erb
  Rendered /home/lenovo/.rvm/gems/ruby-2.4.0/gems/actionpack-5.0.3/lib/action_dispatch/middleware/templates/rescues/_source.html.erb (2.9ms)
  Rendering /home/lenovo/.rvm/gems/ruby-2.4.0/gems/actionpack-5.0.3/lib/action_dispatch/middleware/templates/rescues/_trace.html.erb
  Rendered /home/lenovo/.rvm/gems/ruby-2.4.0/gems/actionpack-5.0.3/lib/action_dispatch/middleware/templates/rescues/_trace.html.erb (1.4ms)
  Rendering /home/lenovo/.rvm/gems/ruby-2.4.0/gems/actionpack-5.0.3/lib/action_dispatch/middleware/templates/rescues/_request_and_response.html.erb
  Rendered /home/lenovo/.rvm/gems/ruby-2.4.0/gems/actionpack-5.0.3/lib/action_dispatch/middleware/templates/rescues/_request_and_response.html.erb (0.6ms)
  Rendered /home/lenovo/.rvm/gems/ruby-2.4.0/gems/actionpack-5.0.3/lib/action_dispatch/middleware/templates/rescues/diagnostics.html.erb within rescues/layout (21.1ms)
Started GET "/" for 127.0.0.1 at 2017-06-24 02:03:10 +0100
Processing by UsersController#index as HTML
  Rendering users/index.html.erb within layouts/application
  [1m[36mUser Load (0.4ms)[0m  [1m[34mSELECT "users".* FROM "users"[0m
  Rendered users/index.html.erb within layouts/application (4.0ms)
Completed 200 OK in 57ms (Views: 54.0ms | ActiveRecord: 0.4ms)


Started GET "/signup" for 127.0.0.1 at 2017-06-24 02:03:12 +0100
Processing by UsersController#signup as HTML
  Rendering users/signup.html.erb within layouts/application
  Rendered users/signup.html.erb within layouts/application (3.2ms)
Completed 200 OK in 70ms (Views: 66.6ms | ActiveRecord: 0.0ms)


Started GET "/login" for 127.0.0.1 at 2017-06-24 02:03:15 +0100
Processing by SessionsController#login as HTML
Completed 500 Internal Server Error in 1ms (ActiveRecord: 0.0ms)


  
NoMethodError (undefined method `[]' for nil:NilClass):
  
app/controllers/sessions_controller.rb:5:in `login'
  Rendering /home/lenovo/.rvm/gems/ruby-2.4.0/gems/actionpack-5.0.3/lib/action_dispatch/middleware/templates/rescues/diagnostics.html.erb within rescues/layout
  Rendering /home/lenovo/.rvm/gems/ruby-2.4.0/gems/actionpack-5.0.3/lib/action_dispatch/middleware/templates/rescues/_source.html.erb
  Rendered /home/lenovo/.rvm/gems/ruby-2.4.0/gems/actionpack-5.0.3/lib/action_dispatch/middleware/templates/rescues/_source.html.erb (2.9ms)
  Rendering /home/lenovo/.rvm/gems/ruby-2.4.0/gems/actionpack-5.0.3/lib/action_dispatch/middleware/templates/rescues/_trace.html.erb
  Rendered /home/lenovo/.rvm/gems/ruby-2.4.0/gems/actionpack-5.0.3/lib/action_dispatch/middleware/templates/rescues/_trace.html.erb (1.4ms)
  Rendering /home/lenovo/.rvm/gems/ruby-2.4.0/gems/actionpack-5.0.3/lib/action_dispatch/middleware/templates/rescues/_request_and_response.html.erb
  Rendered /home/lenovo/.rvm/gems/ruby-2.4.0/gems/actionpack-5.0.3/lib/action_dispatch/middleware/templates/rescues/_request_and_response.html.erb (0.6ms)
  Rendered /home/lenovo/.rvm/gems/ruby-2.4.0/gems/actionpack-5.0.3/lib/action_dispatch/middleware/templates/rescues/diagnostics.html.erb within rescues/layout (19.4ms)
Started GET "/" for 127.0.0.1 at 2017-06-24 02:06:49 +0100
Processing by UsersController#index as HTML
  Rendering users/index.html.erb within layouts/application
  [1m[36mUser Load (0.5ms)[0m  [1m[34mSELECT "users".* FROM "users"[0m
  Rendered users/index.html.erb within layouts/application (1.6ms)
Completed 200 OK in 55ms (Views: 51.8ms | ActiveRecord: 0.5ms)


Started GET "/login" for 127.0.0.1 at 2017-06-24 02:06:51 +0100
Processing by SessionsController#login as HTML
Completed 500 Internal Server Error in 1ms (ActiveRecord: 0.0ms)


  
NoMethodError (undefined method `[]' for nil:NilClass):
  
app/controllers/sessions_controller.rb:5:in `login'
  Rendering /home/lenovo/.rvm/gems/ruby-2.4.0/gems/actionpack-5.0.3/lib/action_dispatch/middleware/templates/rescues/diagnostics.html.erb within rescues/layout
  Rendering /home/lenovo/.rvm/gems/ruby-2.4.0/gems/actionpack-5.0.3/lib/action_dispatch/middleware/templates/rescues/_source.html.erb
  Rendered /home/lenovo/.rvm/gems/ruby-2.4.0/gems/actionpack-5.0.3/lib/action_dispatch/middleware/templates/rescues/_source.html.erb (4.3ms)
  Rendering /home/lenovo/.rvm/gems/ruby-2.4.0/gems/actionpack-5.0.3/lib/action_dispatch/middleware/templates/rescues/_trace.html.erb
  Rendered /home/lenovo/.rvm/gems/ruby-2.4.0/gems/actionpack-5.0.3/lib/action_dispatch/middleware/templates/rescues/_trace.html.erb (1.5ms)
  Rendering /home/lenovo/.rvm/gems/ruby-2.4.0/gems/actionpack-5.0.3/lib/action_dispatch/middleware/templates/rescues/_request_and_response.html.erb
  Rendered /home/lenovo/.rvm/gems/ruby-2.4.0/gems/actionpack-5.0.3/lib/action_dispatch/middleware/templates/rescues/_request_and_response.html.erb (0.5ms)
  Rendered /home/lenovo/.rvm/gems/ruby-2.4.0/gems/actionpack-5.0.3/lib/action_dispatch/middleware/templates/rescues/diagnostics.html.erb within rescues/layout (20.6ms)
Started DELETE "/logout" for 127.0.0.1 at 2017-06-24 02:26:39 +0100
Processing by SessionsController#destroy as HTML
  Parameters: {"authenticity_token"=>"gJi/BlIpyDiL38p/YmoxGM6IZ8YM/cjBGW/2cRYkPHnbBEOs5HQk2pPTRzDWSXgJf1+xRuS4FxTN7F9Kb49oBQ=="}
Redirected to http://localhost:3000/
Completed 302 Found in 1ms (ActiveRecord: 0.0ms)


Started GET "/" for 127.0.0.1 at 2017-06-24 02:26:39 +0100
Processing by UsersController#index as HTML
  Rendering users/index.html.erb within layouts/application
  [1m[36mUser Load (0.5ms)[0m  [1m[34mSELECT "users".* FROM "users"[0m
  Rendered users/index.html.erb within layouts/application (2.6ms)
Completed 200 OK in 49ms (Views: 45.3ms | ActiveRecord: 0.5ms)


Started GET "/signup" for 127.0.0.1 at 2017-06-24 02:26:41 +0100
Processing by UsersController#signup as HTML
  Rendering users/signup.html.erb within layouts/application
  Rendered users/signup.html.erb within layouts/application (3.4ms)
Completed 200 OK in 59ms (Views: 56.0ms | ActiveRecord: 0.0ms)


Started POST "/newuser" for 127.0.0.1 at 2017-06-24 02:27:10 +0100
Processing by UsersController#create as HTML
  Parameters: {"utf8"=>"✓", "authenticity_token"=>"F6nEJe1VQkrJkBbqWkQ/KaQ7PI/noVueH7KJ3gnemWMfiyl3/mR6T5LcNmsnflXW+B1Cyd+U+e3jfR8Al8hrWg==", "user"=>{"firstname"=>"Aashish", "lastname"=>"Kumar", "email"=>"abc@xyz.com", "username"=>"ashish118", "password"=>"[FILTERED]", "password_confirmation"=>"[FILTERED]"}, "commit"=>"Signup Now"}
  [1m[35m (1.7ms)[0m  [1m[36mbegin transaction[0m
  [1m[35mSQL (1.1ms)[0m  [1m[32mINSERT INTO "users" ("firstname", "lastname", "username", "email", "password_digest", "created_at", "updated_at") VALUES (?, ?, ?, ?, ?, ?, ?)[0m  [["firstname", "Aashish"], ["lastname", "Kumar"], ["username", "ashish118"], ["email", "abc@xyz.com"], ["password_digest", "$2a$10$wveGf/rWXoZUxTu.wzSm1OnJgESgWvyOQDPhbUbtQHF83XQSuYpJu"], ["created_at", "2017-06-24 01:27:11.037684"], ["updated_at", "2017-06-24 01:27:11.037684"]]
  [1m[35m (335.0ms)[0m  [1m[36mcommit transaction[0m
Redirected to http://localhost:3000/
Completed 302 Found in 415ms (ActiveRecord: 337.8ms)


Started GET "/" for 127.0.0.1 at 2017-06-24 02:27:11 +0100
Processing by UsersController#index as HTML
  Rendering users/index.html.erb within layouts/application
  [1m[36mUser Load (0.4ms)[0m  [1m[34mSELECT "users".* FROM "users"[0m
  Rendered users/index.html.erb within layouts/application (2.9ms)
Completed 200 OK in 57ms (Views: 53.7ms | ActiveRecord: 0.4ms)


Started GET "/" for 127.0.0.1 at 2017-06-24 02:28:18 +0100
  [1m[36mActiveRecord::SchemaMigration Load (0.2ms)[0m  [1m[34mSELECT "schema_migrations".* FROM "schema_migrations"[0m
Processing by UsersController#index as HTML
  Rendering users/index.html.erb within layouts/application
  [1m[36mUser Load (0.3ms)[0m  [1m[34mSELECT "users".* FROM "users"[0m
  Rendered users/index.html.erb within layouts/application (10.6ms)
Completed 200 OK in 340ms (Views: 320.0ms | ActiveRecord: 1.2ms)


Started DELETE "/logout" for 127.0.0.1 at 2017-06-24 02:28:23 +0100
Processing by SessionsController#destroy as HTML
  Parameters: {"authenticity_token"=>"uggYJq3Dk5NTXN9A08EDnNjXqRmvVDREdRhnXtC7kaPhlOSMG55/cUtQUg9n4kqNaQB/mUcR65Ghm85lqRDF3w=="}
Redirected to http://localhost:3000/
Completed 302 Found in 5ms (ActiveRecord: 0.0ms)


Started GET "/" for 127.0.0.1 at 2017-06-24 02:28:23 +0100
Processing by UsersController#index as HTML
  Rendering users/index.html.erb within layouts/application
  [1m[36mUser Load (0.9ms)[0m  [1m[34mSELECT "users".* FROM "users"[0m
  Rendered users/index.html.erb within layouts/application (3.7ms)
Completed 200 OK in 60ms (Views: 55.7ms | ActiveRecord: 0.9ms)


Started GET "/login" for 127.0.0.1 at 2017-06-24 02:28:31 +0100
Processing by SessionsController#login as HTML
Completed 500 Internal Server Error in 1ms (ActiveRecord: 0.0ms)


  
NoMethodError (undefined method `[]' for nil:NilClass):
  
app/controllers/sessions_controller.rb:5:in `login'
  Rendering /home/lenovo/.rvm/gems/ruby-2.4.0/gems/actionpack-5.0.3/lib/action_dispatch/middleware/templates/rescues/diagnostics.html.erb within rescues/layout
  Rendering /home/lenovo/.rvm/gems/ruby-2.4.0/gems/actionpack-5.0.3/lib/action_dispatch/middleware/templates/rescues/_source.html.erb
  Rendered /home/lenovo/.rvm/gems/ruby-2.4.0/gems/actionpack-5.0.3/lib/action_dispatch/middleware/templates/rescues/_source.html.erb (2.6ms)
  Rendering /home/lenovo/.rvm/gems/ruby-2.4.0/gems/actionpack-5.0.3/lib/action_dispatch/middleware/templates/rescues/_trace.html.erb
  Rendered /home/lenovo/.rvm/gems/ruby-2.4.0/gems/actionpack-5.0.3/lib/action_dispatch/middleware/templates/rescues/_trace.html.erb (1.3ms)
  Rendering /home/lenovo/.rvm/gems/ruby-2.4.0/gems/actionpack-5.0.3/lib/action_dispatch/middleware/templates/rescues/_request_and_response.html.erb
  Rendered /home/lenovo/.rvm/gems/ruby-2.4.0/gems/actionpack-5.0.3/lib/action_dispatch/middleware/templates/rescues/_request_and_response.html.erb (0.6ms)
  Rendered /home/lenovo/.rvm/gems/ruby-2.4.0/gems/actionpack-5.0.3/lib/action_dispatch/middleware/templates/rescues/diagnostics.html.erb within rescues/layout (18.8ms)
Started GET "/" for 127.0.0.1 at 2017-06-24 02:31:05 +0100
  [1m[36mActiveRecord::SchemaMigration Load (0.2ms)[0m  [1m[34mSELECT "schema_migrations".* FROM "schema_migrations"[0m
Processing by UsersController#index as HTML
  Rendering users/index.html.erb within layouts/application
  [1m[36mUser Load (0.4ms)[0m  [1m[34mSELECT "users".* FROM "users"[0m
  Rendered users/index.html.erb within layouts/application (12.7ms)
Completed 200 OK in 326ms (Views: 303.2ms | ActiveRecord: 1.4ms)


Started GET "/login" for 127.0.0.1 at 2017-06-24 02:31:08 +0100
Processing by SessionsController#login as HTML
Completed 500 Internal Server Error in 1ms (ActiveRecord: 0.0ms)


  
NoMethodError (undefined method `[]' for nil:NilClass):
  
app/controllers/sessions_controller.rb:5:in `login'
  Rendering /home/lenovo/.rvm/gems/ruby-2.4.0/gems/actionpack-5.0.3/lib/action_dispatch/middleware/templates/rescues/diagnostics.html.erb within rescues/layout
  Rendering /home/lenovo/.rvm/gems/ruby-2.4.0/gems/actionpack-5.0.3/lib/action_dispatch/middleware/templates/rescues/_source.html.erb
  Rendered /home/lenovo/.rvm/gems/ruby-2.4.0/gems/actionpack-5.0.3/lib/action_dispatch/middleware/templates/rescues/_source.html.erb (3.0ms)
  Rendering /home/lenovo/.rvm/gems/ruby-2.4.0/gems/actionpack-5.0.3/lib/action_dispatch/middleware/templates/rescues/_trace.html.erb
  Rendered /home/lenovo/.rvm/gems/ruby-2.4.0/gems/actionpack-5.0.3/lib/action_dispatch/middleware/templates/rescues/_trace.html.erb (3.3ms)
  Rendering /home/lenovo/.rvm/gems/ruby-2.4.0/gems/actionpack-5.0.3/lib/action_dispatch/middleware/templates/rescues/_request_and_response.html.erb
  Rendered /home/lenovo/.rvm/gems/ruby-2.4.0/gems/actionpack-5.0.3/lib/action_dispatch/middleware/templates/rescues/_request_and_response.html.erb (0.6ms)
  Rendered /home/lenovo/.rvm/gems/ruby-2.4.0/gems/actionpack-5.0.3/lib/action_dispatch/middleware/templates/rescues/diagnostics.html.erb within rescues/layout (21.5ms)
Started GET "/" for 127.0.0.1 at 2017-06-24 02:37:07 +0100
Processing by UsersController#index as HTML
  Rendering users/index.html.erb within layouts/application
  [1m[36mUser Load (1.3ms)[0m  [1m[34mSELECT "users".* FROM "users"[0m
  Rendered users/index.html.erb within layouts/application (5.6ms)
Completed 200 OK in 70ms (Views: 51.8ms | ActiveRecord: 1.3ms)


Started GET "/login" for 127.0.0.1 at 2017-06-24 02:37:19 +0100
Processing by SessionsController#login as HTML
Completed 500 Internal Server Error in 1ms (ActiveRecord: 0.0ms)


  
NoMethodError (undefined method `[]' for nil:NilClass):
  
app/controllers/sessions_controller.rb:5:in `login'
  Rendering /home/lenovo/.rvm/gems/ruby-2.4.0/gems/actionpack-5.0.3/lib/action_dispatch/middleware/templates/rescues/diagnostics.html.erb within rescues/layout
  Rendering /home/lenovo/.rvm/gems/ruby-2.4.0/gems/actionpack-5.0.3/lib/action_dispatch/middleware/templates/rescues/_source.html.erb
  Rendered /home/lenovo/.rvm/gems/ruby-2.4.0/gems/actionpack-5.0.3/lib/action_dispatch/middleware/templates/rescues/_source.html.erb (3.0ms)
  Rendering /home/lenovo/.rvm/gems/ruby-2.4.0/gems/actionpack-5.0.3/lib/action_dispatch/middleware/templates/rescues/_trace.html.erb
  Rendered /home/lenovo/.rvm/gems/ruby-2.4.0/gems/actionpack-5.0.3/lib/action_dispatch/middleware/templates/rescues/_trace.html.erb (1.3ms)
  Rendering /home/lenovo/.rvm/gems/ruby-2.4.0/gems/actionpack-5.0.3/lib/action_dispatch/middleware/templates/rescues/_request_and_response.html.erb
  Rendered /home/lenovo/.rvm/gems/ruby-2.4.0/gems/actionpack-5.0.3/lib/action_dispatch/middleware/templates/rescues/_request_and_response.html.erb (0.5ms)
  Rendered /home/lenovo/.rvm/gems/ruby-2.4.0/gems/actionpack-5.0.3/lib/action_dispatch/middleware/templates/rescues/diagnostics.html.erb within rescues/layout (19.2ms)
Started GET "/" for 127.0.0.1 at 2017-06-24 02:42:41 +0100
  [1m[36mActiveRecord::SchemaMigration Load (0.3ms)[0m  [1m[34mSELECT "schema_migrations".* FROM "schema_migrations"[0m
Processing by UsersController#index as HTML
  Rendering users/index.html.erb within layouts/application
  [1m[36mUser Load (0.3ms)[0m  [1m[34mSELECT "users".* FROM "users"[0m
  Rendered users/index.html.erb within layouts/application (11.3ms)
Completed 200 OK in 326ms (Views: 302.2ms | ActiveRecord: 1.4ms)


Started GET "/login" for 127.0.0.1 at 2017-06-24 02:42:44 +0100
Processing by SessionsController#login as HTML
Completed 500 Internal Server Error in 1ms (ActiveRecord: 0.0ms)


  
NoMethodError (undefined method `[]' for nil:NilClass):
  
app/controllers/sessions_controller.rb:5:in `login'
  Rendering /home/lenovo/.rvm/gems/ruby-2.4.0/gems/actionpack-5.0.3/lib/action_dispatch/middleware/templates/rescues/diagnostics.html.erb within rescues/layout
  Rendering /home/lenovo/.rvm/gems/ruby-2.4.0/gems/actionpack-5.0.3/lib/action_dispatch/middleware/templates/rescues/_source.html.erb
  Rendered /home/lenovo/.rvm/gems/ruby-2.4.0/gems/actionpack-5.0.3/lib/action_dispatch/middleware/templates/rescues/_source.html.erb (2.8ms)
  Rendering /home/lenovo/.rvm/gems/ruby-2.4.0/gems/actionpack-5.0.3/lib/action_dispatch/middleware/templates/rescues/_trace.html.erb
  Rendered /home/lenovo/.rvm/gems/ruby-2.4.0/gems/actionpack-5.0.3/lib/action_dispatch/middleware/templates/rescues/_trace.html.erb (1.4ms)
  Rendering /home/lenovo/.rvm/gems/ruby-2.4.0/gems/actionpack-5.0.3/lib/action_dispatch/middleware/templates/rescues/_request_and_response.html.erb
  Rendered /home/lenovo/.rvm/gems/ruby-2.4.0/gems/actionpack-5.0.3/lib/action_dispatch/middleware/templates/rescues/_request_and_response.html.erb (0.6ms)
  Rendered /home/lenovo/.rvm/gems/ruby-2.4.0/gems/actionpack-5.0.3/lib/action_dispatch/middleware/templates/rescues/diagnostics.html.erb within rescues/layout (18.9ms)
Started PUT "/__web_console/repl_sessions/b9414ed40b357215f4cb7b1f397a587c" for 127.0.0.1 at 2017-06-24 02:44:41 +0100
Started PUT "/__web_console/repl_sessions/b9414ed40b357215f4cb7b1f397a587c" for 127.0.0.1 at 2017-06-24 02:44:42 +0100
Started GET "/" for 127.0.0.1 at 2017-06-24 03:05:37 +0100
  [1m[36mActiveRecord::SchemaMigration Load (0.3ms)[0m  [1m[34mSELECT "schema_migrations".* FROM "schema_migrations"[0m
Processing by UsersController#index as HTML
  Rendering users/index.html.erb within layouts/application
  [1m[36mUser Load (0.2ms)[0m  [1m[34mSELECT "users".* FROM "users"[0m
  Rendered users/index.html.erb within layouts/application (10.1ms)
Completed 200 OK in 307ms (Views: 284.9ms | ActiveRecord: 1.1ms)


Started GET "/login" for 127.0.0.1 at 2017-06-24 03:05:40 +0100
Processing by SessionsController#login as HTML
Completed 500 Internal Server Error in 1ms (ActiveRecord: 0.0ms)


  
NoMethodError (undefined method `[]' for nil:NilClass):
  
app/controllers/sessions_controller.rb:5:in `login'
  Rendering /home/lenovo/.rvm/gems/ruby-2.4.0/gems/actionpack-5.0.3/lib/action_dispatch/middleware/templates/rescues/diagnostics.html.erb within rescues/layout
  Rendering /home/lenovo/.rvm/gems/ruby-2.4.0/gems/actionpack-5.0.3/lib/action_dispatch/middleware/templates/rescues/_source.html.erb
  Rendered /home/lenovo/.rvm/gems/ruby-2.4.0/gems/actionpack-5.0.3/lib/action_dispatch/middleware/templates/rescues/_source.html.erb (4.0ms)
  Rendering /home/lenovo/.rvm/gems/ruby-2.4.0/gems/actionpack-5.0.3/lib/action_dispatch/middleware/templates/rescues/_trace.html.erb
  Rendered /home/lenovo/.rvm/gems/ruby-2.4.0/gems/actionpack-5.0.3/lib/action_dispatch/middleware/templates/rescues/_trace.html.erb (1.2ms)
  Rendering /home/lenovo/.rvm/gems/ruby-2.4.0/gems/actionpack-5.0.3/lib/action_dispatch/middleware/templates/rescues/_request_and_response.html.erb
  Rendered /home/lenovo/.rvm/gems/ruby-2.4.0/gems/actionpack-5.0.3/lib/action_dispatch/middleware/templates/rescues/_request_and_response.html.erb (0.7ms)
  Rendered /home/lenovo/.rvm/gems/ruby-2.4.0/gems/actionpack-5.0.3/lib/action_dispatch/middleware/templates/rescues/diagnostics.html.erb within rescues/layout (21.3ms)
Started GET "/" for 127.0.0.1 at 2017-06-24 03:08:56 +0100
  [1m[36mActiveRecord::SchemaMigration Load (0.4ms)[0m  [1m[34mSELECT "schema_migrations".* FROM "schema_migrations"[0m
Processing by UsersController#index as HTML
  Rendering users/index.html.erb within layouts/application
  [1m[36mUser Load (0.4ms)[0m  [1m[34mSELECT "users".* FROM "users"[0m
  Rendered users/index.html.erb within layouts/application (12.5ms)
Completed 200 OK in 407ms (Views: 383.4ms | ActiveRecord: 1.5ms)


Started GET "/login" for 127.0.0.1 at 2017-06-24 03:08:59 +0100
Processing by SessionsController#login as HTML
Completed 500 Internal Server Error in 1ms (ActiveRecord: 0.0ms)


  
NoMethodError (undefined method `[]' for nil:NilClass):
  
app/controllers/sessions_controller.rb:5:in `login'
  Rendering /home/lenovo/.rvm/gems/ruby-2.4.0/gems/actionpack-5.0.3/lib/action_dispatch/middleware/templates/rescues/diagnostics.html.erb within rescues/layout
  Rendering /home/lenovo/.rvm/gems/ruby-2.4.0/gems/actionpack-5.0.3/lib/action_dispatch/middleware/templates/rescues/_source.html.erb
  Rendered /home/lenovo/.rvm/gems/ruby-2.4.0/gems/actionpack-5.0.3/lib/action_dispatch/middleware/templates/rescues/_source.html.erb (3.0ms)
  Rendering /home/lenovo/.rvm/gems/ruby-2.4.0/gems/actionpack-5.0.3/lib/action_dispatch/middleware/templates/rescues/_trace.html.erb
  Rendered /home/lenovo/.rvm/gems/ruby-2.4.0/gems/actionpack-5.0.3/lib/action_dispatch/middleware/templates/rescues/_trace.html.erb (1.3ms)
  Rendering /home/lenovo/.rvm/gems/ruby-2.4.0/gems/actionpack-5.0.3/lib/action_dispatch/middleware/templates/rescues/_request_and_response.html.erb
  Rendered /home/lenovo/.rvm/gems/ruby-2.4.0/gems/actionpack-5.0.3/lib/action_dispatch/middleware/templates/rescues/_request_and_response.html.erb (0.6ms)
  Rendered /home/lenovo/.rvm/gems/ruby-2.4.0/gems/actionpack-5.0.3/lib/action_dispatch/middleware/templates/rescues/diagnostics.html.erb within rescues/layout (19.6ms)
